<?xml version="1.0" encoding="UTF-8"?>
<!-- Generated by org.testng.reporters.JUnitXMLReporter -->
<testsuite ignored="0" hostname="DESKTOP-N1UP6O5" failures="1" tests="1" name="ex03.ViewTableTest" time="0.169" errors="0" timestamp="05 квіт. 2023 08:23:04 GMT">
  <testcase classname="ex03.ViewTableTest" name="testCalc on testCalc(ex03.ViewTableTest)" time="0.074">
    <failure type="java.lang.AssertionError" message="expected:&amp;lt;Arguments: 0.0, 0.0, 0.0, 0.0&amp;gt; but was:&amp;lt;Arguments: 108.3665213514561, 197.24385901120493, 270.0105733723781, 96.6130154766602&amp;gt;">
      <![CDATA[java.lang.AssertionError: expected:<Arguments: 0.0, 0.0, 0.0, 0.0> but was:<Arguments: 108.3665213514561, 197.24385901120493, 270.0105733723781, 96.6130154766602>
at org.junit.Assert.fail(Assert.java:89)
at org.junit.Assert.assertTrue(Assert.java:42)
at ex03.ViewTableTest.testCalc(ViewTableTest.java:21)
at org.junit.runners.model.FrameworkMethod$1.runReflectiveCall(FrameworkMethod.java:59)
at org.junit.internal.runners.model.ReflectiveCallable.run(ReflectiveCallable.java:12)
at org.junit.runners.model.FrameworkMethod.invokeExplosively(FrameworkMethod.java:56)
at org.junit.internal.runners.statements.InvokeMethod.evaluate(InvokeMethod.java:17)
at org.junit.runners.ParentRunner$3.evaluate(ParentRunner.java:306)
at org.junit.runners.BlockJUnit4ClassRunner$1.evaluate(BlockJUnit4ClassRunner.java:100)
at org.junit.runners.ParentRunner.runLeaf(ParentRunner.java:366)
at org.junit.runners.BlockJUnit4ClassRunner.runChild(BlockJUnit4ClassRunner.java:103)
at org.junit.runners.BlockJUnit4ClassRunner.runChild(BlockJUnit4ClassRunner.java:63)
at org.junit.runners.ParentRunner$4.run(ParentRunner.java:331)
at org.junit.runners.ParentRunner$1.schedule(ParentRunner.java:79)
at org.junit.runners.ParentRunner.runChildren(ParentRunner.java:329)
at org.junit.runners.ParentRunner.access$100(ParentRunner.java:66)
at org.junit.runners.ParentRunner$2.evaluate(ParentRunner.java:293)
at org.junit.runners.ParentRunner$3.evaluate(ParentRunner.java:306)
at org.junit.runners.ParentRunner.run(ParentRunner.java:413)
at org.junit.runner.JUnitCore.run(JUnitCore.java:137)
at org.junit.runner.JUnitCore.run(JUnitCore.java:115)
... Removed 22 stack frames]]>
    </failure>
  </testcase> <!-- testCalc on testCalc(ex03.ViewTableTest) -->
</testsuite> <!-- ex03.ViewTableTest -->
